c:\users\oriolmorenogarcia\desktop\3dmazevgi-master\entornvgi\debug\entornvgi.pch
c:\users\oriolmorenogarcia\desktop\3dmazevgi-master\entornvgi\debug\vc142.pdb
c:\users\oriolmorenogarcia\desktop\3dmazevgi-master\entornvgi\debug\stdafx.obj
c:\users\oriolmorenogarcia\desktop\3dmazevgi-master\entornvgi\debug\classview.obj
c:\users\oriolmorenogarcia\desktop\3dmazevgi-master\entornvgi\debug\viewtree.obj
c:\users\oriolmorenogarcia\desktop\3dmazevgi-master\entornvgi\debug\fileview.obj
c:\users\oriolmorenogarcia\desktop\3dmazevgi-master\entornvgi\debug\visualitzacio.obj
c:\users\oriolmorenogarcia\desktop\3dmazevgi-master\entornvgi\debug\load3ds.obj
c:\users\oriolmorenogarcia\desktop\3dmazevgi-master\entornvgi\debug\material.obj
c:\users\oriolmorenogarcia\desktop\3dmazevgi-master\entornvgi\debug\objloader.obj
c:\users\oriolmorenogarcia\desktop\3dmazevgi-master\entornvgi\debug\childfrm.obj
c:\users\oriolmorenogarcia\desktop\3dmazevgi-master\entornvgi\debug\outputwnd.obj
c:\users\oriolmorenogarcia\desktop\3dmazevgi-master\entornvgi\debug\mainfrm.obj
c:\users\oriolmorenogarcia\desktop\3dmazevgi-master\entornvgi\debug\escena.obj
c:\users\oriolmorenogarcia\desktop\3dmazevgi-master\entornvgi\debug\entornvgiview.obj
c:\users\oriolmorenogarcia\desktop\3dmazevgi-master\entornvgi\debug\normals.obj
c:\users\oriolmorenogarcia\desktop\3dmazevgi-master\entornvgi\debug\obj3ds.obj
c:\users\oriolmorenogarcia\desktop\3dmazevgi-master\entornvgi\debug\glut_geometry.obj
c:\users\oriolmorenogarcia\desktop\3dmazevgi-master\entornvgi\debug\entornvgi.obj
c:\users\oriolmorenogarcia\desktop\3dmazevgi-master\entornvgi\debug\entornvgidoc.obj
c:\users\oriolmorenogarcia\desktop\3dmazevgi-master\entornvgi\debug\propertieswnd.obj
c:\users\oriolmorenogarcia\desktop\3dmazevgi-master\debug\entornvgi.lib
c:\users\oriolmorenogarcia\desktop\3dmazevgi-master\debug\entornvgi.exp
c:\users\oriolmorenogarcia\desktop\3dmazevgi-master\debug\entornvgi.exe
c:\users\oriolmorenogarcia\desktop\3dmazevgi-master\debug\entornvgi.pdb
c:\users\oriolmorenogarcia\desktop\3dmazevgi-master\entornvgi\debug\entornvgi.res
c:\users\oriolmorenogarcia\projects\3dmazevgi\entornvgi\debug\childfrm.obj
c:\users\oriolmorenogarcia\projects\3dmazevgi\entornvgi\debug\classview.obj
c:\users\oriolmorenogarcia\projects\3dmazevgi\entornvgi\debug\entornvgi.obj
c:\users\oriolmorenogarcia\projects\3dmazevgi\entornvgi\debug\entornvgidoc.obj
c:\users\oriolmorenogarcia\projects\3dmazevgi\entornvgi\debug\entornvgiview.obj
c:\users\oriolmorenogarcia\projects\3dmazevgi\entornvgi\debug\escena.obj
c:\users\oriolmorenogarcia\projects\3dmazevgi\entornvgi\debug\fileview.obj
c:\users\oriolmorenogarcia\projects\3dmazevgi\entornvgi\debug\glut_geometry.obj
c:\users\oriolmorenogarcia\projects\3dmazevgi\entornvgi\debug\load3ds.obj
c:\users\oriolmorenogarcia\projects\3dmazevgi\entornvgi\debug\mainfrm.obj
c:\users\oriolmorenogarcia\projects\3dmazevgi\entornvgi\debug\material.obj
c:\users\oriolmorenogarcia\projects\3dmazevgi\entornvgi\debug\normals.obj
c:\users\oriolmorenogarcia\projects\3dmazevgi\entornvgi\debug\obj3ds.obj
c:\users\oriolmorenogarcia\projects\3dmazevgi\entornvgi\debug\objloader.obj
c:\users\oriolmorenogarcia\projects\3dmazevgi\entornvgi\debug\outputwnd.obj
c:\users\oriolmorenogarcia\projects\3dmazevgi\entornvgi\debug\propertieswnd.obj
c:\users\oriolmorenogarcia\projects\3dmazevgi\entornvgi\debug\stdafx.obj
c:\users\oriolmorenogarcia\projects\3dmazevgi\entornvgi\debug\viewtree.obj
c:\users\oriolmorenogarcia\projects\3dmazevgi\entornvgi\debug\visualitzacio.obj
c:\users\oriolmorenogarcia\projects\3dmazevgi\entornvgi\debug\entornvgi.res
c:\users\oriolmorenogarcia\projects\3dmazevgi\entornvgi\debug\entornvgi.pch
c:\users\oriolmorenogarcia\projects\3dmazevgi\entornvgi\debug\vc142.pdb
c:\users\oriolmorenogarcia\projects\3dmazevgi\debug\entornvgi.pdb
c:\users\oriolmorenogarcia\projects\3dmazevgi\debug\entornvgi.exe
c:\users\oriolmorenogarcia\projects\3dmazevgi\entornvgi\debug\entornvgi.tlog\cl.command.1.tlog
c:\users\oriolmorenogarcia\projects\3dmazevgi\entornvgi\debug\entornvgi.tlog\cl.read.1.tlog
c:\users\oriolmorenogarcia\projects\3dmazevgi\entornvgi\debug\entornvgi.tlog\cl.write.1.tlog
c:\users\oriolmorenogarcia\projects\3dmazevgi\entornvgi\debug\entornvgi.tlog\entornvgi.write.1u.tlog
c:\users\oriolmorenogarcia\projects\3dmazevgi\entornvgi\debug\entornvgi.tlog\link.command.1.tlog
c:\users\oriolmorenogarcia\projects\3dmazevgi\entornvgi\debug\entornvgi.tlog\link.delete.1.tlog
c:\users\oriolmorenogarcia\projects\3dmazevgi\entornvgi\debug\entornvgi.tlog\link.read.1.tlog
c:\users\oriolmorenogarcia\projects\3dmazevgi\entornvgi\debug\entornvgi.tlog\link.write.1.tlog
c:\users\oriolmorenogarcia\projects\3dmazevgi\entornvgi\debug\entornvgi.tlog\rc.command.1.tlog
c:\users\oriolmorenogarcia\projects\3dmazevgi\entornvgi\debug\entornvgi.tlog\rc.read.1.tlog
c:\users\oriolmorenogarcia\projects\3dmazevgi\entornvgi\debug\entornvgi.tlog\rc.write.1.tlog
