EntornVGIView.obj : error LNK2005: ya se definió "float x" (?x@@3MA) en EntornVGI.obj
EntornVGIView.obj : error LNK2005: ya se definió "float h" (?h@@3MA) en EntornVGI.obj
EntornVGIView.obj : error LNK2005: ya se definió "int CONST_VALOR" (?CONST_VALOR@@3HA) en EntornVGI.obj
EntornVGIView.obj : error LNK2005: ya se definió "struct objl::Vector3 __cdecl objl::math::CrossV3(struct objl::Vector3,struct objl::Vector3)" (?CrossV3@math@objl@@YA?AUVector3@2@U32@0@Z) en EntornVGI.obj
EntornVGIView.obj : error LNK2005: ya se definió "float __cdecl objl::math::MagnitudeV3(struct objl::Vector3)" (?MagnitudeV3@math@objl@@YAMUVector3@2@@Z) en EntornVGI.obj
EntornVGIView.obj : error LNK2005: ya se definió "float __cdecl objl::math::DotV3(struct objl::Vector3,struct objl::Vector3)" (?DotV3@math@objl@@YAMUVector3@2@0@Z) en EntornVGI.obj
EntornVGIView.obj : error LNK2005: ya se definió "float __cdecl objl::math::AngleBetweenV3(struct objl::Vector3,struct objl::Vector3)" (?AngleBetweenV3@math@objl@@YAMUVector3@2@0@Z) en EntornVGI.obj
EntornVGIView.obj : error LNK2005: ya se definió "struct objl::Vector3 __cdecl objl::math::ProjV3(struct objl::Vector3,struct objl::Vector3)" (?ProjV3@math@objl@@YA?AUVector3@2@U32@0@Z) en EntornVGI.obj
EntornVGIView.obj : error LNK2005: ya se definió "struct objl::Vector3 __cdecl objl::algorithm::operator*(float const &,struct objl::Vector3 const &)" (??Dalgorithm@objl@@YA?AUVector3@1@ABMABU21@@Z) en EntornVGI.obj
EntornVGIView.obj : error LNK2005: ya se definió "bool __cdecl objl::algorithm::SameSide(struct objl::Vector3,struct objl::Vector3,struct objl::Vector3,struct objl::Vector3)" (?SameSide@algorithm@objl@@YA_NUVector3@2@000@Z) en EntornVGI.obj
EntornVGIView.obj : error LNK2005: ya se definió "struct objl::Vector3 __cdecl objl::algorithm::GenTriNormal(struct objl::Vector3,struct objl::Vector3,struct objl::Vector3)" (?GenTriNormal@algorithm@objl@@YA?AUVector3@2@U32@00@Z) en EntornVGI.obj
EntornVGIView.obj : error LNK2005: ya se definió "bool __cdecl objl::algorithm::inTriangle(struct objl::Vector3,struct objl::Vector3,struct objl::Vector3,struct objl::Vector3)" (?inTriangle@algorithm@objl@@YA_NUVector3@2@000@Z) en EntornVGI.obj
EntornVGIView.obj : error LNK2005: ya se definió "float Posicio_x_inicial" (?Posicio_x_inicial@@3MA) en EntornVGI.obj
EntornVGIView.obj : error LNK2005: ya se definió "float Posicio_y_inicial" (?Posicio_y_inicial@@3MA) en EntornVGI.obj
EntornVGIView.obj : error LNK2005: ya se definió "float Posicio_x_final" (?Posicio_x_final@@3MA) en EntornVGI.obj
EntornVGIView.obj : error LNK2005: ya se definió "float Posicio_y_final" (?Posicio_y_final@@3MA) en EntornVGI.obj
EntornVGIView.obj : error LNK2005: ya se definió "class std::basic_string<char,struct std::char_traits<char>,class std::allocator<char> > path_leaderboard" (?path_leaderboard@@3V?$basic_string@DU?$char_traits@D@std@@V?$allocator@D@2@@std@@A) en EntornVGI.obj
escena.obj : error LNK2005: ya se definió "float x" (?x@@3MA) en EntornVGI.obj
escena.obj : error LNK2005: ya se definió "float h" (?h@@3MA) en EntornVGI.obj
escena.obj : error LNK2005: ya se definió "int CONST_VALOR" (?CONST_VALOR@@3HA) en EntornVGI.obj
escena.obj : error LNK2005: ya se definió "struct objl::Vector3 __cdecl objl::math::CrossV3(struct objl::Vector3,struct objl::Vector3)" (?CrossV3@math@objl@@YA?AUVector3@2@U32@0@Z) en EntornVGI.obj
escena.obj : error LNK2005: ya se definió "float __cdecl objl::math::MagnitudeV3(struct objl::Vector3)" (?MagnitudeV3@math@objl@@YAMUVector3@2@@Z) en EntornVGI.obj
escena.obj : error LNK2005: ya se definió "float __cdecl objl::math::DotV3(struct objl::Vector3,struct objl::Vector3)" (?DotV3@math@objl@@YAMUVector3@2@0@Z) en EntornVGI.obj
escena.obj : error LNK2005: ya se definió "float __cdecl objl::math::AngleBetweenV3(struct objl::Vector3,struct objl::Vector3)" (?AngleBetweenV3@math@objl@@YAMUVector3@2@0@Z) en EntornVGI.obj
escena.obj : error LNK2005: ya se definió "struct objl::Vector3 __cdecl objl::math::ProjV3(struct objl::Vector3,struct objl::Vector3)" (?ProjV3@math@objl@@YA?AUVector3@2@U32@0@Z) en EntornVGI.obj
escena.obj : error LNK2005: ya se definió "struct objl::Vector3 __cdecl objl::algorithm::operator*(float const &,struct objl::Vector3 const &)" (??Dalgorithm@objl@@YA?AUVector3@1@ABMABU21@@Z) en EntornVGI.obj
escena.obj : error LNK2005: ya se definió "bool __cdecl objl::algorithm::SameSide(struct objl::Vector3,struct objl::Vector3,struct objl::Vector3,struct objl::Vector3)" (?SameSide@algorithm@objl@@YA_NUVector3@2@000@Z) en EntornVGI.obj
escena.obj : error LNK2005: ya se definió "struct objl::Vector3 __cdecl objl::algorithm::GenTriNormal(struct objl::Vector3,struct objl::Vector3,struct objl::Vector3)" (?GenTriNormal@algorithm@objl@@YA?AUVector3@2@U32@00@Z) en EntornVGI.obj
escena.obj : error LNK2005: ya se definió "bool __cdecl objl::algorithm::inTriangle(struct objl::Vector3,struct objl::Vector3,struct objl::Vector3,struct objl::Vector3)" (?inTriangle@algorithm@objl@@YA_NUVector3@2@000@Z) en EntornVGI.obj
escena.obj : error LNK2005: ya se definió "float Posicio_x_inicial" (?Posicio_x_inicial@@3MA) en EntornVGI.obj
escena.obj : error LNK2005: ya se definió "float Posicio_y_inicial" (?Posicio_y_inicial@@3MA) en EntornVGI.obj
escena.obj : error LNK2005: ya se definió "float Posicio_x_final" (?Posicio_x_final@@3MA) en EntornVGI.obj
escena.obj : error LNK2005: ya se definió "float Posicio_y_final" (?Posicio_y_final@@3MA) en EntornVGI.obj
escena.obj : error LNK2005: ya se definió "class std::basic_string<char,struct std::char_traits<char>,class std::allocator<char> > path_leaderboard" (?path_leaderboard@@3V?$basic_string@DU?$char_traits@D@std@@V?$allocator@D@2@@std@@A) en EntornVGI.obj
visualitzacio.obj : error LNK2005: ya se definió "float x" (?x@@3MA) en EntornVGI.obj
visualitzacio.obj : error LNK2005: ya se definió "float h" (?h@@3MA) en EntornVGI.obj
visualitzacio.obj : error LNK2005: ya se definió "int CONST_VALOR" (?CONST_VALOR@@3HA) en EntornVGI.obj
visualitzacio.obj : error LNK2005: ya se definió "struct objl::Vector3 __cdecl objl::math::CrossV3(struct objl::Vector3,struct objl::Vector3)" (?CrossV3@math@objl@@YA?AUVector3@2@U32@0@Z) en EntornVGI.obj
visualitzacio.obj : error LNK2005: ya se definió "float __cdecl objl::math::MagnitudeV3(struct objl::Vector3)" (?MagnitudeV3@math@objl@@YAMUVector3@2@@Z) en EntornVGI.obj
visualitzacio.obj : error LNK2005: ya se definió "float __cdecl objl::math::DotV3(struct objl::Vector3,struct objl::Vector3)" (?DotV3@math@objl@@YAMUVector3@2@0@Z) en EntornVGI.obj
visualitzacio.obj : error LNK2005: ya se definió "float __cdecl objl::math::AngleBetweenV3(struct objl::Vector3,struct objl::Vector3)" (?AngleBetweenV3@math@objl@@YAMUVector3@2@0@Z) en EntornVGI.obj
visualitzacio.obj : error LNK2005: ya se definió "struct objl::Vector3 __cdecl objl::math::ProjV3(struct objl::Vector3,struct objl::Vector3)" (?ProjV3@math@objl@@YA?AUVector3@2@U32@0@Z) en EntornVGI.obj
visualitzacio.obj : error LNK2005: ya se definió "struct objl::Vector3 __cdecl objl::algorithm::operator*(float const &,struct objl::Vector3 const &)" (??Dalgorithm@objl@@YA?AUVector3@1@ABMABU21@@Z) en EntornVGI.obj
visualitzacio.obj : error LNK2005: ya se definió "bool __cdecl objl::algorithm::SameSide(struct objl::Vector3,struct objl::Vector3,struct objl::Vector3,struct objl::Vector3)" (?SameSide@algorithm@objl@@YA_NUVector3@2@000@Z) en EntornVGI.obj
visualitzacio.obj : error LNK2005: ya se definió "struct objl::Vector3 __cdecl objl::algorithm::GenTriNormal(struct objl::Vector3,struct objl::Vector3,struct objl::Vector3)" (?GenTriNormal@algorithm@objl@@YA?AUVector3@2@U32@00@Z) en EntornVGI.obj
visualitzacio.obj : error LNK2005: ya se definió "bool __cdecl objl::algorithm::inTriangle(struct objl::Vector3,struct objl::Vector3,struct objl::Vector3,struct objl::Vector3)" (?inTriangle@algorithm@objl@@YA_NUVector3@2@000@Z) en EntornVGI.obj
visualitzacio.obj : error LNK2005: ya se definió "float Posicio_x_inicial" (?Posicio_x_inicial@@3MA) en EntornVGI.obj
visualitzacio.obj : error LNK2005: ya se definió "float Posicio_y_inicial" (?Posicio_y_inicial@@3MA) en EntornVGI.obj
visualitzacio.obj : error LNK2005: ya se definió "float Posicio_x_final" (?Posicio_x_final@@3MA) en EntornVGI.obj
visualitzacio.obj : error LNK2005: ya se definió "float Posicio_y_final" (?Posicio_y_final@@3MA) en EntornVGI.obj
visualitzacio.obj : error LNK2005: ya se definió "class std::basic_string<char,struct std::char_traits<char>,class std::allocator<char> > path_leaderboard" (?path_leaderboard@@3V?$basic_string@DU?$char_traits@D@std@@V?$allocator@D@2@@std@@A) en EntornVGI.obj
soil.lib(SOIL.obj) : warning LNK4075: se omite '/EDITANDCONTINUE' debido a la especificación '/SAFESEH'
     Creando biblioteca C:\Users\miki_\source\repos\3DMazeVGI\Release\EntornVGI.lib y objeto C:\Users\miki_\source\repos\3DMazeVGI\Release\EntornVGI.exp
LINK : warning LNK4098: la biblioteca predeterminada'MSVCRTD' entra en conflicto con otras bibliotecas; use la biblioteca /NODEFAULTLIB:biblioteca
C:\Users\miki_\source\repos\3DMazeVGI\Release\EntornVGI.exe : fatal error LNK1169: se encontraron uno o más símbolos definidos simultáneamente
